********************************************************************************
Product   : Virtuoso(R) XStream Out
Program   : @(#)$CDS: strmout version 6.1.8-64b 06/16/2022 08:52 (cpgsrv12) $
          : sub-version  IC6.1.8-64b.500.25 
Started at: 20-Nov-2023  10:45:48
User Name : daniel.pistorino
Host Name : ece-lnx-10
Directory : /ecel/UFAD/daniel.pistorino/Documents/Cadence/SRAM/SRAM-Design
CADENCE Design Systems, Inc.
********************************************************************************
Info: Cellview Rev Num:99,  Tech Rev Num:59

INFO (XSTRM-217): Reading the layer map file, /ecel/apps/cds/ic618/local/GPDK045/gpdk045/gpdk045.layermap
INFO (XSTRM-162): You have not used the '-viaMap' option. If the OpenAccess design has native oaVia instances, use the '-viaMap' option for preserving oaVia instances in a XStream Out - XStream In round trip. Using the '-viaMap' option improves performance and VM usage of applications using the Streamed-In design.

Summary of Options :
library                                 SRAM8
strmFile                                SRAM_IXT.gds
topCell                                 SRAM_IXT
view                                    layout
logFile                                 strmOut.log
techLib                                 gpdk045
layerMap                                /ecel/apps/cds/ic618/local/GPDK045/gpdk045/gpdk045.layermap
case                                    Preserve
convertDot                              node

INFO (XSTRM-223): 1. Translating cellView SRAM8/SRAM_IXT/layout as STRUCTURE SRAM_IXT.

Summary of Objects Translated:
	Scalar Instances:                       0
	Array Instances:                        0
	Polygons:                               0
	Paths:                                  0
	Rectangles:                             7
	Lines:                                  0
	Arcs:                                   0
	Donuts:                                 0
	Dots:                                   0
	Ellipses:                               0
	Boundaries:                             0
	Area Blockages:                         0
	Layer Blockages:                        0
	Area Halos:                             0
	Markers:                                0
	Rows:                                   0
	Standard Vias                           0
	Custom Vias:                            0
	CdsGen Vias:                            0
	Pathsegs:                               0
	Text:                                   0
	TextDisplay:                            0
	Cells:                                  1

Elapsed Time: 0.2s   User Time: 0.1s   CPU Time: 0.0s   Peak VM: 3892KB
INFO (XSTRM-234): Translation completed. '0' error(s) and '0' warning(s) found.
