********************************************************************************
Product   : Virtuoso(R) XStream In
Program   : @(#)$CDS: strmin version 6.1.8-64b 06/16/2022 08:52 (cpgsrv07) $
          : sub-version  IC6.1.8-64b.500.25 
Started at: 09-Nov-2023  14:03:38
User Name : daniel.pistorino
Host Name : ece-n288-lnx19
Directory : /ecel/UFAD/daniel.pistorino/Documents/Cadence/SRAM/SRAM-Design
CADENCE Design Systems, Inc.
********************************************************************************
Info: Cellview Rev Num:99,  Tech Rev Num:59

WARNING (XSTRM-75): Target library 'GDS' is attached to the technology library 'gpdk045'. Therefore, the technology file is opened in read-only mode. All the undefined layer-purpose pairs will be dropped.
WARNING (XSTRM-107): Existing cells in the target library will be overwritten if the cell names in the Stream file and the target library are the same. To prevent this, set the '-writeMode' option to 'noOverwrite'.
INFO (XSTRM-217): Reading the layer map file, /ecel/apps/cds/ic618/local/GPDK045/gpdk045/gpdk045.layermap
INFO (XSTRM-163): You have not used the '-viaMap' option. If a viaMap file, corresponding technology file or technology library exist, then use the '-viaMap' option for creating oaVia instances in the Streamed-In library. Using the '-viaMap' option improves performance and VM usage of applications using the Streamed-In design.

Summary of Options:
	library				GDS
	strmFile			/ecel/UFAD/daniel.pistorino/Documents/Cadence/GDS/GDS_test_cell.gds
	logFile				strmIn.log
	view				layout
	case				Preserve
	layerMap			/ecel/apps/cds/ic618/local/GPDK045/gpdk045/gpdk045.layermap
	propSeparator			,
	attachTechFileOfLib				gpdk045

INFO (XSTRM-220): 1. Translating STRUCTURE nmos1v_CDNS_698633212120 as cellView GDS/nmos1v_CDNS_698633212120/layout.
INFO (XSTRM-220): 2. Translating STRUCTURE pmos1v_CDNS_698633212121 as cellView GDS/pmos1v_CDNS_698633212121/layout.
INFO (XSTRM-220): 3. Translating STRUCTURE M1_PSUB_CDNS_698633212120 as cellView GDS/M1_PSUB_CDNS_698633212120/layout.
INFO (XSTRM-220): 4. Translating STRUCTURE M1_NWELL_CDNS_698633212121 as cellView GDS/M1_NWELL_CDNS_698633212121/layout.
INFO (XSTRM-220): 5. Translating STRUCTURE GDS_test_cell as cellView GDS/GDS_test_cell/layout.

Summary of Objects Translated:
	Instances:                              10
	CustomVias:                             0
	StandardVias:                           4
	CdsGenVias:                             0
	Arrays:                                 0
	Polygons:                               0
	Paths:                                  3
	PathSegs:                               0
	Rectangles:                             62
	Text:                                   2
	Node:                                   0
	Line:                                   0
	Cells:                                  5

Elapsed Time: 0.4s   User Time: 0.1s   CPU Time: 0.1s   Peak VM: 78108KB  CPUs Used: 2
INFO (XSTRM-234): Translation completed. '0' error(s) and '2' warning(s) found.
