================================================================================
Rule No. 227 : nwell_conn_StampErrorFloat

Real Error Count : 2; Flat Error Count : 2
================================================================================

--------------------------------------------------------------------------------
Cell Name : SRAM_Symmetric layout SRAM8

                   Cell Errors    Real Errors   Cell Placements     Environments
                             2              2                 1                1
--------------------------------------------------------------------------------
Env.  Env. Placements            X1           Y1          X2           Y2

  1        1                 -0.455        0.765       0.455        1.005

Shape               Environments Status & Error Marker 

          1           X1         Y1         X2         Y2

   1      X       -0.455      0.765     -0.010      1.005
   2      X        0.010      0.765      0.455      1.005

================================================================================
Rule No. 253 : NW.W.1: Minimum Nwell Width >= 0.3 um

Real Error Count : 2; Flat Error Count : 2
================================================================================

--------------------------------------------------------------------------------
Cell Name : SRAM_Symmetric layout SRAM8

                   Cell Errors    Real Errors   Cell Placements     Environments
                             2              2                 1                1
--------------------------------------------------------------------------------
Env.  Env. Placements            X1           Y1          X2           Y2

  1        1                 -0.455        0.765       0.455        1.005

Shape               Environments Status & Error Marker 

          1           X1         Y1         X2         Y2

   1      X       -0.455      0.765     -0.010      1.005
   2      X        0.010      0.765      0.455      1.005

================================================================================
Rule No. 254 : NW.SP.2: Minimum Nwell spacing to Nwell (different potential) >= 0.6 um

Real Error Count : 3; Flat Error Count : 3
================================================================================

--------------------------------------------------------------------------------
Cell Name : SRAM_Symmetric layout SRAM8

                   Cell Errors    Real Errors   Cell Placements     Environments
                             3              3                 1                1
--------------------------------------------------------------------------------
Env.  Env. Placements            X1           Y1          X2           Y2

  1        1                 -0.455        0.765       0.455        1.115

Shape               Environments Status & Error Marker 

          1           X1         Y1         X2         Y2

   1      X       -0.455      1.005      0.150      1.115
   2      X       -0.150      1.005      0.455      1.115
   3      X       -0.010      0.765      0.010      1.005

================================================================================
Rule No. 256 : NW.SE.2: Minimum Nwell spacing to P+ Active Area >= 0.16 um

Real Error Count : 2; Flat Error Count : 2
================================================================================

--------------------------------------------------------------------------------
Cell Name : SRAM_Symmetric layout SRAM8

                   Cell Errors    Real Errors   Cell Placements     Environments
                             2              2                 1                1
--------------------------------------------------------------------------------
Env.  Env. Placements            X1           Y1          X2           Y2

  1        1                 -0.070        0.765       0.070        1.005

Shape               Environments Status & Error Marker 

          1           X1         Y1         X2         Y2

   1      X       -0.070      0.765      0.010      1.005
   2      X       -0.010      0.765      0.070      1.005

================================================================================
Rule No. 264 : NW.E.1: Minimum Nwell enclosure of N+ Active Area >= 0.06 um

Real Error Count : 4; Flat Error Count : 4
================================================================================

--------------------------------------------------------------------------------
Cell Name : SRAM_Symmetric layout SRAM8

                   Cell Errors    Real Errors   Cell Placements     Environments
                             4              4                 1                1
--------------------------------------------------------------------------------
Env.  Env. Placements            X1           Y1          X2           Y2

  1        1                 -0.150        1.115       0.150        1.415

Shape               Environments Status & Error Marker 

          1           X1         Y1         X2         Y2

   1      X       -0.150      1.132     -0.100      1.398
   2      X       -0.133      1.115      0.133      1.165
   3      X       -0.133      1.365      0.133      1.415
   4      X        0.100      1.132      0.150      1.398

================================================================================
Rule No. 271 : NW.A.1: Minimum Nwell area >= 0.18 um

Real Error Count : 3; Flat Error Count : 3
================================================================================

--------------------------------------------------------------------------------
Cell Name : SRAM_Symmetric layout SRAM8

                   Cell Errors    Real Errors   Cell Placements     Environments
                             3              3                 1                1
--------------------------------------------------------------------------------
Env.  Env. Placements            X1           Y1          X2           Y2

  1        1                 -0.455        0.765       0.455        1.415

Shape               Environments Status & Error Marker 

          1           X1         Y1         X2         Y2

   1      X       -0.455      0.765     -0.010      1.005
   2      X       -0.150      1.115      0.150      1.415
   3      X        0.010      0.765      0.455      1.005

================================================================================
Rule No. 359 : POLY.A.1: Minimum area for Poly interconnect >= 0.02 um

Real Error Count : 2; Flat Error Count : 2
================================================================================

--------------------------------------------------------------------------------
Cell Name : SRAM_Symmetric layout SRAM8

                   Cell Errors    Real Errors   Cell Placements     Environments
                             2              2                 1                1
--------------------------------------------------------------------------------
Env.  Env. Placements            X1           Y1          X2           Y2

  1        1                 -0.720        0.000       0.720        0.320

Shape               Environments Status & Error Marker 

          1           X1         Y1         X2         Y2

   1      X       -0.720      0.000     -0.675      0.320
   2      X        0.675      0.000      0.720      0.320

================================================================================
Rule No. 374 : NIMP.SP.1: Minimum N+ Implant space >= 0.12 um

Real Error Count : 2; Flat Error Count : 2
================================================================================

--------------------------------------------------------------------------------
Cell Name : SRAM_Symmetric layout SRAM8

                   Cell Errors    Real Errors   Cell Placements     Environments
                             2              2                 1                1
--------------------------------------------------------------------------------
Env.  Env. Placements            X1           Y1          X2           Y2

  1        1                 -0.575        0.290       0.575        0.368

Shape               Environments Status & Error Marker 

          1           X1         Y1         X2         Y2

   1      X       -0.575      0.290     -0.465      0.368
   2      X        0.465      0.290      0.575      0.368

================================================================================
Rule No. 597 : METAL1.A.1: Metal1 area must be >= 0.02 um

Real Error Count : 14; Flat Error Count : 14
================================================================================

--------------------------------------------------------------------------------
Cell Name : SRAM_Symmetric layout SRAM8

                   Cell Errors    Real Errors   Cell Placements     Environments
                            14             14                 1                1
--------------------------------------------------------------------------------
Env.  Env. Placements            X1           Y1          X2           Y2

  1        1                 -0.830       -0.320       0.830        1.325

Shape               Environments Status & Error Marker 

          1           X1         Y1         X2         Y2

   1      X       -0.830      0.100     -0.770      0.220
   2      X       -0.625      0.100     -0.565      0.220
   3      X       -0.365      0.100     -0.305      0.340
   4      X       -0.365      0.825     -0.305      0.945
   5      X       -0.160      0.100     -0.100      0.340
   6      X       -0.160      0.825     -0.100      0.945
   7      X       -0.030     -0.320      0.030     -0.200
   8      X       -0.030      1.205      0.030      1.325
   9      X        0.100      0.100      0.160      0.340
  10      X        0.100      0.825      0.160      0.945
  11      X        0.305      0.100      0.365      0.340
  12      X        0.305      0.825      0.365      0.945
  13      X        0.565      0.100      0.625      0.220
  14      X        0.770      0.100      0.830      0.220

