\o Program:		@(#)$CDS: libManager version 6.1.8 - CAT37 04/25/2022 00:14 (sjfdcl1109) $
\o Sub version:		sub-version  s254 
\o Arguments:		-mpssession virtuoso124005 -mpshost ece-lnx-05 
\o Working Directory:	ece-lnx-05:/ecel/UFAD/daniel.pistorino/Documents/Cadence/SRAM/SRAM-Design/SRAM8
\o 64-bit offsets
\o Qt version: 		5.9.1
\o Log file is "/ecel/UFAD/daniel.pistorino/Documents/Cadence/SRAM/SRAM-Design/SRAM8/libManager.log".
\o Opening libManager window.
\a nrSetCurrentWindow(cdsLibManager)
\a nrResizeWindow(cdsLibManager list(1285 192 585 440))
\o changeWorkingDir("/ecel/UFAD/daniel.pistorino/Documents/Cadence/SRAM/SRAM-Design/SRAM8") unnecessary.
\o ddSetForcedLib("") unnecessary.
\o MPS service: map window
\o Library Manager customization server connected.
\a nrSetCurrentWindow(cdsLibManager)
\a cdsLibManager->libListBox->value = "avTech"
\a cdsLibManager->libLineEdit->value = "avTech"
\a nrSetWindowVisibility(cdsLibManager "hide")
\a _lmgrCloseIconify("cdsLibManager" 1)
\o MPS service: shutdown
\o libManager is exiting.
\a exit(0)
